
2024/04/21 (22:17:26) | ===> btop++ v.1.3.2
2024/04/21 (22:17:26) | ERROR: Stall in Runner thread, restarting!

2024/05/07 (13:51:14) | ===> btop++ v.1.3.2
2024/05/07 (13:51:14) | INFO: Logger set to DEBUG
2024/05/07 (13:51:14) | DEBUG: Using locale en_US.UTF-8
2024/05/07 (13:51:14) | INFO: Running on /dev/pts/2
2024/05/07 (13:51:14) | INFO: Failed to load librocm_smi64.so, AMD GPUs will not be detected: librocm_smi64.so.6: cannot open shared object file: No such file or directory
2024/05/07 (13:51:14) | DEBUG: Shared::init() : Initialized.
2024/05/07 (13:51:14) | DEBUG: Loading theme file: /usr/share/btop/themes/everforest-dark-medium.theme

2024/05/09 (15:07:00) | ===> btop++ v.1.3.2
2024/05/09 (15:07:00) | INFO: Logger set to DEBUG
2024/05/09 (15:07:00) | DEBUG: Using locale en_US.UTF-8
2024/05/09 (15:07:00) | INFO: Running on /dev/pts/0
2024/05/09 (15:07:00) | INFO: Failed to load librocm_smi64.so, AMD GPUs will not be detected: librocm_smi64.so.6: cannot open shared object file: No such file or directory
2024/05/09 (15:07:00) | DEBUG: Shared::init() : Initialized.
2024/05/09 (15:07:00) | DEBUG: Loading theme file: /usr/share/btop/themes/everforest-dark-medium.theme

2024/05/09 (15:32:13) | ===> btop++ v.1.3.2
2024/05/09 (15:32:13) | INFO: Logger set to DEBUG
2024/05/09 (15:32:13) | DEBUG: Using locale en_US.UTF-8
2024/05/09 (15:32:13) | INFO: Running on /dev/pts/1
2024/05/09 (15:32:13) | INFO: Failed to load librocm_smi64.so, AMD GPUs will not be detected: librocm_smi64.so.6: cannot open shared object file: No such file or directory
2024/05/09 (15:32:13) | DEBUG: Shared::init() : Initialized.
2024/05/09 (15:32:13) | DEBUG: Loading theme file: /usr/share/btop/themes/everforest-dark-medium.theme

2024/05/29 (17:03:59) | ===> btop++ v.1.3.2
2024/05/29 (17:03:59) | INFO: Logger set to DEBUG
2024/05/29 (17:03:59) | DEBUG: Using locale en_US.UTF-8
2024/05/29 (17:03:59) | INFO: Running on /dev/pts/1
2024/05/29 (17:03:59) | INFO: Failed to load librocm_smi64.so, AMD GPUs will not be detected: librocm_smi64.so.6: cannot open shared object file: No such file or directory
2024/05/29 (17:03:59) | DEBUG: Shared::init() : Initialized.
2024/05/29 (17:03:59) | DEBUG: Loading theme file: /usr/share/btop/themes/everforest-dark-medium.theme

2024/05/29 (23:45:55) | ===> btop++ v.1.3.2
2024/05/29 (23:45:55) | INFO: Logger set to DEBUG
2024/05/29 (23:45:55) | DEBUG: Using locale en_US.UTF-8
2024/05/29 (23:45:55) | INFO: Running on /dev/pts/1
2024/05/29 (23:45:55) | INFO: Failed to load librocm_smi64.so, AMD GPUs will not be detected: librocm_smi64.so.6: cannot open shared object file: No such file or directory
2024/05/29 (23:45:55) | DEBUG: Shared::init() : Initialized.
2024/05/29 (23:45:55) | DEBUG: Loading theme file: /usr/share/btop/themes/everforest-dark-medium.theme

2024/05/30 (00:02:41) | ===> btop++ v.1.3.2
2024/05/30 (00:02:41) | INFO: Logger set to DEBUG
2024/05/30 (00:02:41) | DEBUG: Using locale en_US.UTF-8
2024/05/30 (00:02:41) | INFO: Running on /dev/pts/0
2024/05/30 (00:02:41) | INFO: Failed to load librocm_smi64.so, AMD GPUs will not be detected: librocm_smi64.so.6: cannot open shared object file: No such file or directory
2024/05/30 (00:02:41) | DEBUG: Shared::init() : Initialized.
2024/05/30 (00:02:41) | DEBUG: Loading theme file: /usr/share/btop/themes/everforest-dark-medium.theme

2024/05/30 (00:10:51) | ===> btop++ v.1.3.2
2024/05/30 (00:10:51) | INFO: Logger set to DEBUG
2024/05/30 (00:10:51) | DEBUG: Using locale en_US.UTF-8
2024/05/30 (00:10:51) | INFO: Running on /dev/pts/0
2024/05/30 (00:10:51) | INFO: Failed to load librocm_smi64.so, AMD GPUs will not be detected: librocm_smi64.so.6: cannot open shared object file: No such file or directory
2024/05/30 (00:10:51) | DEBUG: Shared::init() : Initialized.
2024/05/30 (00:10:51) | DEBUG: Loading theme file: /usr/share/btop/themes/everforest-dark-medium.theme
2024/05/30 (00:18:10) | ERROR: Couldn't determine terminal size of "STDOUT_FILENO"!
2024/05/30 (00:18:10) | ERROR: Couldn't determine terminal size of "/dev/tty"!

2024/05/30 (00:20:28) | ===> btop++ v.1.3.2
2024/05/30 (00:20:28) | INFO: Logger set to DEBUG
2024/05/30 (00:20:28) | DEBUG: Using locale en_US.UTF-8
2024/05/30 (00:20:28) | INFO: Running on /dev/pts/0
2024/05/30 (00:20:28) | INFO: Failed to load librocm_smi64.so, AMD GPUs will not be detected: librocm_smi64.so.6: cannot open shared object file: No such file or directory
2024/05/30 (00:20:28) | DEBUG: Shared::init() : Initialized.
2024/05/30 (00:20:28) | DEBUG: Loading theme file: /usr/share/btop/themes/everforest-dark-medium.theme

2024/05/30 (18:42:41) | ===> btop++ v.1.3.2
2024/05/30 (18:42:41) | INFO: Logger set to DEBUG
2024/05/30 (18:42:41) | DEBUG: Using locale en_US.UTF-8
2024/05/30 (18:42:41) | INFO: Running on /dev/pts/0
2024/05/30 (18:42:42) | INFO: Failed to load librocm_smi64.so, AMD GPUs will not be detected: librocm_smi64.so.6: cannot open shared object file: No such file or directory
2024/05/30 (18:42:42) | DEBUG: Shared::init() : Initialized.
2024/05/30 (18:42:42) | DEBUG: Loading theme file: /usr/share/btop/themes/everforest-dark-medium.theme
